<?xml version="1.0" encoding="UTF-8"?>
<!-- Generated by org.testng.reporters.JUnitReportReporter -->
<testsuite hostname="Akeem" failures="0" tests="4" name="api.tests.userTests" time="3.901" errors="0" timestamp="2023-09-11T20:27:38 CDT" skipped="0">
  <testcase classname="api.tests.userTests" name="testPostUser" time="2.405"/>
  <system-out/>
  <testcase classname="api.tests.userTests" name="getUserByName" time="0.397"/>
  <system-out/>
  <testcase classname="api.tests.userTests" name="testUpdateUserByName" time="0.620"/>
  <system-out/>
  <testcase classname="api.tests.userTests" name="testDeleteUserByName" time="0.479"/>
  <system-out/>
</testsuite> <!-- api.tests.userTests -->
