<?xml version="1.0" encoding="UTF-8"?>
<!-- Generated by org.testng.reporters.JUnitReportReporter -->
<testsuite hostname="Akeem" failures="0" tests="6" name="api.tests.DDTests" time="3.969" errors="0" timestamp="2023-09-12T19:52:38 CDT" skipped="0">
  <testcase classname="api.tests.DDTests" name="testPostUser" time="0.353"/>
  <system-out/>
  <testcase classname="api.tests.DDTests" name="testPostUser" time="2.400"/>
  <system-out/>
  <testcase classname="api.tests.DDTests" name="testPostUser" time="0.314"/>
  <system-out/>
  <testcase classname="api.tests.DDTests" name="testDeleteUserByName" time="0.314"/>
  <system-out/>
  <testcase classname="api.tests.DDTests" name="testDeleteUserByName" time="0.295"/>
  <system-out/>
  <testcase classname="api.tests.DDTests" name="testDeleteUserByName" time="0.293"/>
  <system-out/>
</testsuite> <!-- api.tests.DDTests -->
