<?xml version="1.0" encoding="UTF-8"?>
<!-- Generated by org.testng.reporters.JUnitReportReporter -->
<testsuite hostname="Akeem" failures="0" tests="4" name="api.tests.userTests" time="2.041" errors="0" timestamp="2023-09-17T20:06:28 CDT" skipped="0">
  <testcase classname="api.tests.userTests" name="testPostUser" time="0.343"/>
  <system-out/>
  <testcase classname="api.tests.userTests" name="getUserByName" time="0.339"/>
  <system-out/>
  <testcase classname="api.tests.userTests" name="testUpdateUserByName" time="1.032"/>
  <system-out/>
  <testcase classname="api.tests.userTests" name="testDeleteUserByName" time="0.327"/>
  <system-out/>
</testsuite> <!-- api.tests.userTests -->
