<?xml version="1.0" encoding="UTF-8"?>
<!-- Generated by org.testng.reporters.JUnitReportReporter -->
<testsuite hostname="Akeem" failures="0" tests="6" name="api.tests.DDTests" time="4.583" errors="0" timestamp="2023-09-17T20:06:28 CDT" skipped="0">
  <testcase classname="api.tests.DDTests" name="testPostUser" time="2.955"/>
  <system-out/>
  <testcase classname="api.tests.DDTests" name="testPostUser" time="0.380"/>
  <system-out/>
  <testcase classname="api.tests.DDTests" name="testPostUser" time="0.325"/>
  <system-out/>
  <testcase classname="api.tests.DDTests" name="testDeleteUserByName" time="0.334"/>
  <system-out/>
  <testcase classname="api.tests.DDTests" name="testDeleteUserByName" time="0.298"/>
  <system-out/>
  <testcase classname="api.tests.DDTests" name="testDeleteUserByName" time="0.291"/>
  <system-out/>
</testsuite> <!-- api.tests.DDTests -->
